[2017-08-08 00:09:36] files.NOTICE: E_NOTICE: Undefined variable: asd {"code":8,"message":"Undefined variable: asd","file":"/var/www/rcframework/rc/app/Controllers/Wellcome.php","line":10} 
[2017-08-08 00:09:36] files.ERROR: Uncaught Exception Whoops\Exception\ErrorException: "Undefined variable: asd" at /var/www/rcframework/rc/app/Controllers/Wellcome.php line 10 {"exception":"[object] (Whoops\\Exception\\ErrorException(code: 8): Undefined variable: asd at /var/www/rcframework/rc/app/Controllers/Wellcome.php:10)"} 
[2017-08-08 00:12:34] files.NOTICE: E_NOTICE: Undefined variable: asd {"code":8,"message":"Undefined variable: asd","file":"/var/www/rcframework/rc/app/Controllers/Wellcome.php","line":10} 
[2017-08-08 00:12:34] files.ERROR: Uncaught Exception Whoops\Exception\ErrorException: "Undefined variable: asd" at /var/www/rcframework/rc/app/Controllers/Wellcome.php line 10 {"exception":"[object] (Whoops\\Exception\\ErrorException(code: 8): Undefined variable: asd at /var/www/rcframework/rc/app/Controllers/Wellcome.php:10)"} 
[2017-08-08 00:12:56] rcframework.NOTICE: E_NOTICE: Undefined variable: asd {"code":8,"message":"Undefined variable: asd","file":"/var/www/rcframework/rc/app/Controllers/Wellcome.php","line":10} 
[2017-08-08 00:12:56] rcframework.ERROR: Uncaught Exception Whoops\Exception\ErrorException: "Undefined variable: asd" at /var/www/rcframework/rc/app/Controllers/Wellcome.php line 10 {"exception":"[object] (Whoops\\Exception\\ErrorException(code: 8): Undefined variable: asd at /var/www/rcframework/rc/app/Controllers/Wellcome.php:10)"} 
[2017-08-08 00:14:08] rcframework.INFO: cao  
[2017-08-08 00:14:08] rcframework.INFO: cao  
[2017-08-08 00:14:18] rcframework.INFO: cao  
[2017-08-08 00:14:18] rcframework.INFO: cao  
[2017-08-08 00:28:17] rcframework.WARNING: E_WARNING: Missing argument 1 for rc\app\Controllers\Wellcome::nex() {"code":2,"message":"Missing argument 1 for rc\\app\\Controllers\\Wellcome::nex()","file":"/var/www/rcframework/rc/app/Controllers/Wellcome.php","line":13} 
[2017-08-08 00:28:17] rcframework.ERROR: Uncaught Exception Whoops\Exception\ErrorException: "Missing argument 1 for rc\app\Controllers\Wellcome::nex()" at /var/www/rcframework/rc/app/Controllers/Wellcome.php line 13 {"exception":"[object] (Whoops\\Exception\\ErrorException(code: 2): Missing argument 1 for rc\\app\\Controllers\\Wellcome::nex() at /var/www/rcframework/rc/app/Controllers/Wellcome.php:13)"} 
[2017-08-08 19:50:53] rcframework.ERROR: Uncaught Exception Error: "Call to protected rc\system\Libraries\Database::__construct() from context 'rc\system\MainController'" at /var/www/rcframework/rc/system/MainController.php line 29 {"exception":"[object] (Error(code: 0): Call to protected rc\\system\\Libraries\\Database::__construct() from context 'rc\\system\\MainController' at /var/www/rcframework/rc/system/MainController.php:29)"} 
[2017-08-08 19:51:15] rcframework.ERROR: Uncaught Exception Error: "Class 'rc\system\Libraries\PDOConnection' not found" at /var/www/rcframework/rc/system/Libraries/Database.php line 32 {"exception":"[object] (Error(code: 0): Class 'rc\\system\\Libraries\\PDOConnection' not found at /var/www/rcframework/rc/system/Libraries/Database.php:32)"} 
[2017-08-08 19:51:38] rcframework.ERROR: Uncaught Exception Error: "Class 'PDOConnection' not found" at /var/www/rcframework/rc/system/Libraries/Database.php line 32 {"exception":"[object] (Error(code: 0): Class 'PDOConnection' not found at /var/www/rcframework/rc/system/Libraries/Database.php:32)"} 
[2017-08-08 19:51:38] rcframework.ERROR: Uncaught Exception Error: "Class 'PDOConnection' not found" at /var/www/rcframework/rc/system/Libraries/Database.php line 32 {"exception":"[object] (Error(code: 0): Class 'PDOConnection' not found at /var/www/rcframework/rc/system/Libraries/Database.php:32)"} 
[2017-08-08 19:51:39] rcframework.ERROR: Uncaught Exception Error: "Class 'PDOConnection' not found" at /var/www/rcframework/rc/system/Libraries/Database.php line 32 {"exception":"[object] (Error(code: 0): Class 'PDOConnection' not found at /var/www/rcframework/rc/system/Libraries/Database.php:32)"} 
[2017-08-08 19:51:39] rcframework.ERROR: Uncaught Exception Error: "Class 'PDOConnection' not found" at /var/www/rcframework/rc/system/Libraries/Database.php line 32 {"exception":"[object] (Error(code: 0): Class 'PDOConnection' not found at /var/www/rcframework/rc/system/Libraries/Database.php:32)"} 
[2017-08-08 19:51:39] rcframework.ERROR: Uncaught Exception Error: "Class 'PDOConnection' not found" at /var/www/rcframework/rc/system/Libraries/Database.php line 32 {"exception":"[object] (Error(code: 0): Class 'PDOConnection' not found at /var/www/rcframework/rc/system/Libraries/Database.php:32)"} 
[2017-08-08 20:00:50] rcframework.ERROR: Uncaught Exception Error: "Call to private method rc\system\Libraries\Database::getInstance() from context 'rc\app\Controllers\Wellcome'" at /var/www/rcframework/rc/app/Controllers/Wellcome.php line 10 {"exception":"[object] (Error(code: 0): Call to private method rc\\system\\Libraries\\Database::getInstance() from context 'rc\\app\\Controllers\\Wellcome' at /var/www/rcframework/rc/app/Controllers/Wellcome.php:10)"} 
[2017-08-08 20:01:52] rcframework.NOTICE: E_NOTICE: Undefined variable: conn {"code":8,"message":"Undefined variable: conn","file":"/var/www/rcframework/rc/system/Libraries/Database.php","line":59} 
[2017-08-08 20:01:52] rcframework.ERROR: Uncaught Exception Whoops\Exception\ErrorException: "Undefined variable: conn" at /var/www/rcframework/rc/system/Libraries/Database.php line 59 {"exception":"[object] (Whoops\\Exception\\ErrorException(code: 8): Undefined variable: conn at /var/www/rcframework/rc/system/Libraries/Database.php:59)"} 
[2017-08-08 20:04:20] rcframework.ERROR: Uncaught Exception Error: "Call to undefined function rc\system\Libraries\getConnection()" at /var/www/rcframework/rc/system/Libraries/Database.php line 31 {"exception":"[object] (Error(code: 0): Call to undefined function rc\\system\\Libraries\\getConnection() at /var/www/rcframework/rc/system/Libraries/Database.php:31)"} 
[2017-08-08 20:04:47] rcframework.ERROR: E_RECOVERABLE_ERROR: Object of class PDO could not be converted to string {"code":4096,"message":"Object of class PDO could not be converted to string","file":"/var/www/rcframework/rc/system/Libraries/Database.php","line":32} 
[2017-08-08 20:04:47] rcframework.ERROR: Uncaught Exception Whoops\Exception\ErrorException: "Object of class PDO could not be converted to string" at /var/www/rcframework/rc/system/Libraries/Database.php line 32 {"exception":"[object] (Whoops\\Exception\\ErrorException(code: 4096): Object of class PDO could not be converted to string at /var/www/rcframework/rc/system/Libraries/Database.php:32)"} 
[2017-08-08 20:14:02] rcframework.NOTICE: E_NOTICE: Undefined variable: bidns {"code":8,"message":"Undefined variable: bidns","file":"/var/www/rcframework/rc/system/Libraries/Database.php","line":51} 
[2017-08-08 20:14:02] rcframework.ERROR: Uncaught Exception Whoops\Exception\ErrorException: "Undefined variable: bidns" at /var/www/rcframework/rc/system/Libraries/Database.php line 51 {"exception":"[object] (Whoops\\Exception\\ErrorException(code: 8): Undefined variable: bidns at /var/www/rcframework/rc/system/Libraries/Database.php:51)"} 
[2017-08-08 20:21:23] rcframework.ERROR: Uncaught Exception PDOException: "SQLSTATE[3D000]: Invalid catalog name: 1046 No database selected" at /var/www/rcframework/rc/system/Libraries/Database.php line 59 {"exception":"[object] (PDOException(code: 3D000): SQLSTATE[3D000]: Invalid catalog name: 1046 No database selected at /var/www/rcframework/rc/system/Libraries/Database.php:59)"} 
[2017-08-08 20:23:51] rcframework.NOTICE: E_NOTICE: Undefined index: passwrd {"code":8,"message":"Undefined index: passwrd","file":"/var/www/rcframework/rc/system/Libraries/Database.php","line":77} 
[2017-08-08 20:23:51] rcframework.ERROR: Uncaught Exception Whoops\Exception\ErrorException: "Undefined index: passwrd" at /var/www/rcframework/rc/system/Libraries/Database.php line 77 {"exception":"[object] (Whoops\\Exception\\ErrorException(code: 8): Undefined index: passwrd at /var/www/rcframework/rc/system/Libraries/Database.php:77)"} 
[2017-08-08 20:24:29] rcframework.ERROR: Uncaught Exception PDOException: "SQLSTATE[3D000]: Invalid catalog name: 1046 No database selected" at /var/www/rcframework/rc/system/Libraries/Database.php line 60 {"exception":"[object] (PDOException(code: 3D000): SQLSTATE[3D000]: Invalid catalog name: 1046 No database selected at /var/www/rcframework/rc/system/Libraries/Database.php:60)"} 
[2017-08-08 20:25:43] rcframework.ERROR: Uncaught Exception PDOException: "SQLSTATE[3D000]: Invalid catalog name: 1046 No database selected" at /var/www/rcframework/rc/system/Libraries/Database.php line 60 {"exception":"[object] (PDOException(code: 3D000): SQLSTATE[3D000]: Invalid catalog name: 1046 No database selected at /var/www/rcframework/rc/system/Libraries/Database.php:60)"} 
[2017-08-08 20:29:20] rcframework.NOTICE: E_NOTICE: Undefined variable: config {"code":8,"message":"Undefined variable: config","file":"/var/www/rcframework/rc/system/Libraries/Database.php","line":78} 
[2017-08-08 20:29:20] rcframework.ERROR: Uncaught Exception Whoops\Exception\ErrorException: "Undefined variable: config" at /var/www/rcframework/rc/system/Libraries/Database.php line 78 {"exception":"[object] (Whoops\\Exception\\ErrorException(code: 8): Undefined variable: config at /var/www/rcframework/rc/system/Libraries/Database.php:78)"} 
[2017-08-08 20:29:31] rcframework.ERROR: Uncaught Exception PDOException: "SQLSTATE[42S02]: Base table or view not found: 1146 Table 'proba.tabela' doesn't exist" at /var/www/rcframework/rc/system/Libraries/Database.php line 60 {"exception":"[object] (PDOException(code: 42S02): SQLSTATE[42S02]: Base table or view not found: 1146 Table 'proba.tabela' doesn't exist at /var/www/rcframework/rc/system/Libraries/Database.php:60)"} 
[2017-08-08 20:32:18] rcframework.NOTICE: E_NOTICE: Undefined variable: valu {"code":8,"message":"Undefined variable: valu","file":"/var/www/rcframework/rc/system/Libraries/Database.php","line":57} 
[2017-08-08 20:32:18] rcframework.ERROR: Uncaught Exception Whoops\Exception\ErrorException: "Undefined variable: valu" at /var/www/rcframework/rc/system/Libraries/Database.php line 57 {"exception":"[object] (Whoops\\Exception\\ErrorException(code: 8): Undefined variable: valu at /var/www/rcframework/rc/system/Libraries/Database.php:57)"} 
[2017-08-08 20:40:52] rcframework.NOTICE: E_NOTICE: Undefined variable: $value {"code":8,"message":"Undefined variable: $value","file":"/var/www/rcframework/rc/system/Libraries/Database.php","line":58} 
[2017-08-08 20:40:52] rcframework.ERROR: Uncaught Exception Whoops\Exception\ErrorException: "Undefined variable: $value" at /var/www/rcframework/rc/system/Libraries/Database.php line 58 {"exception":"[object] (Whoops\\Exception\\ErrorException(code: 8): Undefined variable: $value at /var/www/rcframework/rc/system/Libraries/Database.php:58)"} 
[2017-08-08 20:41:04] rcframework.NOTICE: E_NOTICE: Undefined variable: vrednost {"code":8,"message":"Undefined variable: vrednost","file":"/var/www/rcframework/rc/system/Libraries/Database.php","line":58} 
[2017-08-08 20:41:04] rcframework.ERROR: Uncaught Exception Whoops\Exception\ErrorException: "Undefined variable: vrednost" at /var/www/rcframework/rc/system/Libraries/Database.php line 58 {"exception":"[object] (Whoops\\Exception\\ErrorException(code: 8): Undefined variable: vrednost at /var/www/rcframework/rc/system/Libraries/Database.php:58)"} 
[2017-08-08 20:41:05] rcframework.NOTICE: E_NOTICE: Undefined variable: vrednost {"code":8,"message":"Undefined variable: vrednost","file":"/var/www/rcframework/rc/system/Libraries/Database.php","line":58} 
[2017-08-08 20:41:05] rcframework.ERROR: Uncaught Exception Whoops\Exception\ErrorException: "Undefined variable: vrednost" at /var/www/rcframework/rc/system/Libraries/Database.php line 58 {"exception":"[object] (Whoops\\Exception\\ErrorException(code: 8): Undefined variable: vrednost at /var/www/rcframework/rc/system/Libraries/Database.php:58)"} 
[2017-08-08 20:41:05] rcframework.NOTICE: E_NOTICE: Undefined variable: vrednost {"code":8,"message":"Undefined variable: vrednost","file":"/var/www/rcframework/rc/system/Libraries/Database.php","line":58} 
[2017-08-08 20:41:05] rcframework.ERROR: Uncaught Exception Whoops\Exception\ErrorException: "Undefined variable: vrednost" at /var/www/rcframework/rc/system/Libraries/Database.php line 58 {"exception":"[object] (Whoops\\Exception\\ErrorException(code: 8): Undefined variable: vrednost at /var/www/rcframework/rc/system/Libraries/Database.php:58)"} 
[2017-08-08 20:41:05] rcframework.NOTICE: E_NOTICE: Undefined variable: vrednost {"code":8,"message":"Undefined variable: vrednost","file":"/var/www/rcframework/rc/system/Libraries/Database.php","line":58} 
[2017-08-08 20:41:05] rcframework.ERROR: Uncaught Exception Whoops\Exception\ErrorException: "Undefined variable: vrednost" at /var/www/rcframework/rc/system/Libraries/Database.php line 58 {"exception":"[object] (Whoops\\Exception\\ErrorException(code: 8): Undefined variable: vrednost at /var/www/rcframework/rc/system/Libraries/Database.php:58)"} 
[2017-08-08 20:41:05] rcframework.NOTICE: E_NOTICE: Undefined variable: vrednost {"code":8,"message":"Undefined variable: vrednost","file":"/var/www/rcframework/rc/system/Libraries/Database.php","line":58} 
[2017-08-08 20:41:05] rcframework.ERROR: Uncaught Exception Whoops\Exception\ErrorException: "Undefined variable: vrednost" at /var/www/rcframework/rc/system/Libraries/Database.php line 58 {"exception":"[object] (Whoops\\Exception\\ErrorException(code: 8): Undefined variable: vrednost at /var/www/rcframework/rc/system/Libraries/Database.php:58)"} 
[2017-08-08 21:05:05] rcframework.ERROR: Uncaught Exception Error: "Undefined constant 'rc\system\Libraries'" at /var/www/rcframework/rc/system/Libraries/Database.php line 11 {"exception":"[object] (Error(code: 0): Undefined constant 'rc\\system\\Libraries' at /var/www/rcframework/rc/system/Libraries/Database.php:11)"} 
[2017-08-08 21:17:42] rcframework.ERROR: Uncaught Exception Exception: "SQLSTATE[HY000] [2002] No such file or directory" at /var/www/rcframework/rc/system/Libraries/Medoo.php line 207 {"exception":"[object] (Exception(code: 0): SQLSTATE[HY000] [2002] No such file or directory at /var/www/rcframework/rc/system/Libraries/Medoo.php:207)"} 
[2017-08-08 21:18:30] rcframework.ERROR: Uncaught Exception Exception: "SQLSTATE[HY000] [2002] No such file or directory" at /var/www/rcframework/rc/system/Libraries/Medoo.php line 207 {"exception":"[object] (Exception(code: 0): SQLSTATE[HY000] [2002] No such file or directory at /var/www/rcframework/rc/system/Libraries/Medoo.php:207)"} 
[2017-08-08 21:21:32] rcframework.ERROR: E_RECOVERABLE_ERROR: Object of class PDOStatement could not be converted to string {"code":4096,"message":"Object of class PDOStatement could not be converted to string","file":"/var/www/rcframework/rc/app/Controllers/Wellcome.php","line":15} 
[2017-08-08 21:21:32] rcframework.ERROR: Uncaught Exception Whoops\Exception\ErrorException: "Object of class PDOStatement could not be converted to string" at /var/www/rcframework/rc/app/Controllers/Wellcome.php line 15 {"exception":"[object] (Whoops\\Exception\\ErrorException(code: 4096): Object of class PDOStatement could not be converted to string at /var/www/rcframework/rc/app/Controllers/Wellcome.php:15)"} 
[2017-08-08 22:42:03] rcframework.ERROR: Uncaught Exception Error: "Call to undefined function rc\app\Controllers\post()" at /var/www/rcframework/rc/app/Controllers/Wellcome.php line 23 {"exception":"[object] (Error(code: 0): Call to undefined function rc\\app\\Controllers\\post() at /var/www/rcframework/rc/app/Controllers/Wellcome.php:23)"} 
